{"contracts/Launchpad.sol":{"l":{"56":16,"66":16,"67":16,"68":16,"72":13,"73":12,"74":12,"75":11,"76":10,"77":10,"78":10,"79":10,"80":10,"85":5,"86":4,"87":4,"88":3,"89":2,"90":2,"91":1,"92":1,"93":1,"94":1,"99":5,"100":4,"101":4,"102":3,"103":4,"104":2,"105":2,"106":1,"107":1,"108":1,"109":1,"113":15,"114":15,"115":4,"117":3,"131":12,"132":11,"134":11},"path":"/Users/joby/Desktop/Launchpad/contracts/Launchpad.sol","s":{"1":16,"2":16,"3":16,"4":16,"5":13,"6":12,"7":12,"8":11,"9":10,"10":10,"11":5,"12":4,"13":4,"14":3,"15":2,"16":2,"17":1,"18":1,"19":1,"20":5,"21":4,"22":4,"23":3,"24":4,"25":2,"26":2,"27":1,"28":1,"29":1,"30":15,"31":15,"32":11,"33":12,"34":11,"35":11},"b":{"1":[12,1],"2":[11,1],"3":[10,1],"4":[4,1],"5":[3,1],"6":[2,1],"7":[1,1],"8":[4,1],"9":[3,1],"10":[2,2],"11":[1,1],"12":[4,11],"13":[3,8],"14":[11,1]},"f":{"1":16,"2":13,"3":5,"4":5,"5":15,"6":12},"fnMap":{"1":{"name":"createProject","line":50,"loc":{"start":{"line":50,"column":4},"end":{"line":69,"column":4}}},"2":{"name":"contribute","line":71,"loc":{"start":{"line":71,"column":4},"end":{"line":81,"column":4}}},"3":{"name":"withdrawFunds","line":84,"loc":{"start":{"line":84,"column":4},"end":{"line":95,"column":4}}},"4":{"name":"claimRefund","line":98,"loc":{"start":{"line":98,"column":4},"end":{"line":110,"column":4}}},"5":{"name":"computeStatus","line":112,"loc":{"start":{"line":112,"column":4},"end":{"line":119,"column":4}}},"6":{"name":"getProjectDetails","line":121,"loc":{"start":{"line":121,"column":4},"end":{"line":144,"column":4}}}},"statementMap":{"1":{"start":{"line":56,"column":8},"end":{"line":56,"column":1301}},"2":{"start":{"line":66,"column":8},"end":{"line":66,"column":32}},"3":{"start":{"line":67,"column":8},"end":{"line":67,"column":50}},"4":{"start":{"line":68,"column":8},"end":{"line":68,"column":61}},"5":{"start":{"line":72,"column":8},"end":{"line":72,"column":72}},"6":{"start":{"line":73,"column":8},"end":{"line":73,"column":57}},"7":{"start":{"line":74,"column":8},"end":{"line":74,"column":79}},"8":{"start":{"line":75,"column":8},"end":{"line":75,"column":72}},"9":{"start":{"line":79,"column":8},"end":{"line":79,"column":35}},"10":{"start":{"line":80,"column":8},"end":{"line":80,"column":62}},"11":{"start":{"line":85,"column":8},"end":{"line":85,"column":72}},"12":{"start":{"line":86,"column":8},"end":{"line":86,"column":57}},"13":{"start":{"line":87,"column":8},"end":{"line":87,"column":91}},"14":{"start":{"line":88,"column":8},"end":{"line":88,"column":77}},"15":{"start":{"line":89,"column":8},"end":{"line":89,"column":35}},"16":{"start":{"line":90,"column":8},"end":{"line":90,"column":94}},"17":{"start":{"line":91,"column":8},"end":{"line":91,"column":45}},"18":{"start":{"line":93,"column":8},"end":{"line":93,"column":39}},"19":{"start":{"line":94,"column":8},"end":{"line":94,"column":58}},"20":{"start":{"line":99,"column":8},"end":{"line":99,"column":72}},"21":{"start":{"line":100,"column":8},"end":{"line":100,"column":57}},"22":{"start":{"line":101,"column":8},"end":{"line":101,"column":3369}},"23":{"start":{"line":102,"column":12},"end":{"line":102,"column":39}},"24":{"start":{"line":103,"column":8},"end":{"line":103,"column":83}},"25":{"start":{"line":104,"column":8},"end":{"line":104,"column":77}},"26":{"start":{"line":105,"column":8},"end":{"line":105,"column":83}},"27":{"start":{"line":106,"column":8},"end":{"line":106,"column":57}},"28":{"start":{"line":107,"column":8},"end":{"line":107,"column":47}},"29":{"start":{"line":109,"column":8},"end":{"line":109,"column":19}},"30":{"start":{"line":113,"column":8},"end":{"line":113,"column":57}},"31":{"start":{"line":114,"column":8},"end":{"line":114,"column":3992}},"32":{"start":{"line":116,"column":15},"end":{"line":116,"column":4110}},"33":{"start":{"line":131,"column":8},"end":{"line":131,"column":72}},"34":{"start":{"line":132,"column":8},"end":{"line":132,"column":57}},"35":{"start":{"line":134,"column":8},"end":{"line":134,"column":4739}}},"branchMap":{"1":{"line":72,"type":"if","locations":[{"start":{"line":72,"column":8},"end":{"line":72,"column":8}},{"start":{"line":72,"column":8},"end":{"line":72,"column":8}}]},"2":{"line":74,"type":"if","locations":[{"start":{"line":74,"column":8},"end":{"line":74,"column":8}},{"start":{"line":74,"column":8},"end":{"line":74,"column":8}}]},"3":{"line":75,"type":"if","locations":[{"start":{"line":75,"column":8},"end":{"line":75,"column":8}},{"start":{"line":75,"column":8},"end":{"line":75,"column":8}}]},"4":{"line":85,"type":"if","locations":[{"start":{"line":85,"column":8},"end":{"line":85,"column":8}},{"start":{"line":85,"column":8},"end":{"line":85,"column":8}}]},"5":{"line":87,"type":"if","locations":[{"start":{"line":87,"column":8},"end":{"line":87,"column":8}},{"start":{"line":87,"column":8},"end":{"line":87,"column":8}}]},"6":{"line":88,"type":"if","locations":[{"start":{"line":88,"column":8},"end":{"line":88,"column":8}},{"start":{"line":88,"column":8},"end":{"line":88,"column":8}}]},"7":{"line":90,"type":"if","locations":[{"start":{"line":90,"column":8},"end":{"line":90,"column":8}},{"start":{"line":90,"column":8},"end":{"line":90,"column":8}}]},"8":{"line":99,"type":"if","locations":[{"start":{"line":99,"column":8},"end":{"line":99,"column":8}},{"start":{"line":99,"column":8},"end":{"line":99,"column":8}}]},"9":{"line":101,"type":"if","locations":[{"start":{"line":101,"column":8},"end":{"line":101,"column":8}},{"start":{"line":101,"column":8},"end":{"line":101,"column":8}}]},"10":{"line":103,"type":"if","locations":[{"start":{"line":103,"column":8},"end":{"line":103,"column":8}},{"start":{"line":103,"column":8},"end":{"line":103,"column":8}}]},"11":{"line":105,"type":"if","locations":[{"start":{"line":105,"column":8},"end":{"line":105,"column":8}},{"start":{"line":105,"column":8},"end":{"line":105,"column":8}}]},"12":{"line":114,"type":"if","locations":[{"start":{"line":114,"column":8},"end":{"line":114,"column":8}},{"start":{"line":114,"column":8},"end":{"line":114,"column":8}}]},"13":{"line":116,"type":"if","locations":[{"start":{"line":116,"column":15},"end":{"line":116,"column":15}},{"start":{"line":116,"column":15},"end":{"line":116,"column":15}}]},"14":{"line":131,"type":"if","locations":[{"start":{"line":131,"column":8},"end":{"line":131,"column":8}},{"start":{"line":131,"column":8},"end":{"line":131,"column":8}}]}}}}