{
"contracts/Launchpad.sol":{"l":{"50":15,"61":15,"65":13,"66":12,"67":12,"68":11,"69":10,"70":10,"71":10,"72":10,"77":5,"78":4,"79":4,"80":3,"81":2,"82":2,"83":1,"84":1,"85":1,"90":5,"91":4,"92":4,"93":3,"94":4,"95":2,"96":2,"97":1,"98":1,"99":1,"100":1,"104":15,"105":15,"106":4,"108":3,"123":11,"124":11,"126":11},"path":"/Users/joby/Desktop/Launchpad/contracts/Launchpad.sol","s":{"1":15,"2":15,"3":13,"4":12,"5":12,"6":11,"7":10,"8":5,"9":4,"10":4,"11":3,"12":2,"13":2,"14":1,"15":1,"16":5,"17":4,"18":4,"19":3,"20":4,"21":2,"22":2,"23":1,"24":1,"25":1,"26":15,"27":15,"28":11,"29":11,"30":11,"31":11},"b":{"1":[12,1],"2":[11,1],"3":[10,1],"4":[4,1],"5":[3,1],"6":[2,1],"7":[1,1],"8":[4,1],"9":[3,1],"10":[2,2],"11":[1,1],"12":[4,11],"13":[3,8],"14":[11,0]},"f":{"1":15,"2":13,"3":5,"4":5,"5":15,"6":11},"fnMap":{"1":{"name":"createProject","line":44,"loc":{"start":{"line":44,"column":4},"end":{"line":62,"column":4}}},"2":{"name":"contribute","line":64,"loc":{"start":{"line":64,"column":4},"end":{"line":73,"column":4}}},"3":{"name":"withdrawFunds","line":76,"loc":{"start":{"line":76,"column":4},"end":{"line":86,"column":4}}},"4":{"name":"claimRefund","line":89,"loc":{"start":{"line":89,"column":4},"end":{"line":101,"column":4}}},"5":{"name":"computeStatus","line":103,"loc":{"start":{"line":103,"column":4},"end":{"line":110,"column":4}}},"6":{"name":"getProjectDetails","line":112,"loc":{"start":{"line":112,"column":4},"end":{"line":137,"column":4}}}},"statementMap":{"1":{"start":{"line":50,"column":8},"end":{"line":50,"column":1030}},"2":{"start":{"line":61,"column":8},"end":{"line":61,"column":32}},"3":{"start":{"line":65,"column":8},"end":{"line":65,"column":72}},"4":{"start":{"line":66,"column":8},"end":{"line":66,"column":57}},"5":{"start":{"line":67,"column":8},"end":{"line":67,"column":79}},"6":{"start":{"line":68,"column":8},"end":{"line":68,"column":72}},"7":{"start":{"line":72,"column":8},"end":{"line":72,"column":35}},"8":{"start":{"line":77,"column":8},"end":{"line":77,"column":72}},"9":{"start":{"line":78,"column":8},"end":{"line":78,"column":57}},"10":{"start":{"line":79,"column":8},"end":{"line":79,"column":91}},"11":{"start":{"line":80,"column":8},"end":{"line":80,"column":77}},"12":{"start":{"line":81,"column":8},"end":{"line":81,"column":35}},"13":{"start":{"line":82,"column":8},"end":{"line":82,"column":94}},"14":{"start":{"line":83,"column":8},"end":{"line":83,"column":45}},"15":{"start":{"line":85,"column":8},"end":{"line":85,"column":39}},"16":{"start":{"line":90,"column":8},"end":{"line":90,"column":72}},"17":{"start":{"line":91,"column":8},"end":{"line":91,"column":57}},"18":{"start":{"line":92,"column":8},"end":{"line":92,"column":2883}},"19":{"start":{"line":93,"column":12},"end":{"line":93,"column":39}},"20":{"start":{"line":94,"column":8},"end":{"line":94,"column":83}},"21":{"start":{"line":95,"column":8},"end":{"line":95,"column":77}},"22":{"start":{"line":96,"column":8},"end":{"line":96,"column":83}},"23":{"start":{"line":97,"column":8},"end":{"line":97,"column":57}},"24":{"start":{"line":98,"column":8},"end":{"line":98,"column":47}},"25":{"start":{"line":100,"column":8},"end":{"line":100,"column":19}},"26":{"start":{"line":104,"column":8},"end":{"line":104,"column":57}},"27":{"start":{"line":105,"column":8},"end":{"line":105,"column":3506}},"28":{"start":{"line":107,"column":15},"end":{"line":107,"column":3624}},"29":{"start":{"line":123,"column":8},"end":{"line":123,"column":72}},"30":{"start":{"line":124,"column":8},"end":{"line":124,"column":57}},"31":{"start":{"line":126,"column":8},"end":{"line":126,"column":4281}}},"branchMap":{"1":{"line":65,"type":"if","locations":[{"start":{"line":65,"column":8},"end":{"line":65,"column":8}},{"start":{"line":65,"column":8},"end":{"line":65,"column":8}}]},"2":{"line":67,"type":"if","locations":[{"start":{"line":67,"column":8},"end":{"line":67,"column":8}},{"start":{"line":67,"column":8},"end":{"line":67,"column":8}}]},"3":{"line":68,"type":"if","locations":[{"start":{"line":68,"column":8},"end":{"line":68,"column":8}},{"start":{"line":68,"column":8},"end":{"line":68,"column":8}}]},"4":{"line":77,"type":"if","locations":[{"start":{"line":77,"column":8},"end":{"line":77,"column":8}},{"start":{"line":77,"column":8},"end":{"line":77,"column":8}}]},"5":{"line":79,"type":"if","locations":[{"start":{"line":79,"column":8},"end":{"line":79,"column":8}},{"start":{"line":79,"column":8},"end":{"line":79,"column":8}}]},"6":{"line":80,"type":"if","locations":[{"start":{"line":80,"column":8},"end":{"line":80,"column":8}},{"start":{"line":80,"column":8},"end":{"line":80,"column":8}}]},"7":{"line":82,"type":"if","locations":[{"start":{"line":82,"column":8},"end":{"line":82,"column":8}},{"start":{"line":82,"column":8},"end":{"line":82,"column":8}}]},"8":{"line":90,"type":"if","locations":[{"start":{"line":90,"column":8},"end":{"line":90,"column":8}},{"start":{"line":90,"column":8},"end":{"line":90,"column":8}}]},"9":{"line":92,"type":"if","locations":[{"start":{"line":92,"column":8},"end":{"line":92,"column":8}},{"start":{"line":92,"column":8},"end":{"line":92,"column":8}}]},"10":{"line":94,"type":"if","locations":[{"start":{"line":94,"column":8},"end":{"line":94,"column":8}},{"start":{"line":94,"column":8},"end":{"line":94,"column":8}}]},"11":{"line":96,"type":"if","locations":[{"start":{"line":96,"column":8},"end":{"line":96,"column":8}},{"start":{"line":96,"column":8},"end":{"line":96,"column":8}}]},"12":{"line":105,"type":"if","locations":[{"start":{"line":105,"column":8},"end":{"line":105,"column":8}},{"start":{"line":105,"column":8},"end":{"line":105,"column":8}}]},"13":{"line":107,"type":"if","locations":[{"start":{"line":107,"column":15},"end":{"line":107,"column":15}},{"start":{"line":107,"column":15},"end":{"line":107,"column":15}}]},"14":{"line":123,"type":"if","locations":[{"start":{"line":123,"column":8},"end":{"line":123,"column":8}},{"start":{"line":123,"column":8},"end":{"line":123,"column":8}}]}}}}
