{
"contracts/Launchpad.sol":{"l":{"49":16,"59":16,"63":13,"64":12,"65":12,"66":11,"67":10,"68":10,"69":10,"70":10,"75":5,"76":4,"77":4,"78":3,"79":2,"80":2,"81":1,"82":1,"83":1,"88":5,"89":4,"90":4,"91":3,"92":4,"93":2,"94":2,"95":1,"96":1,"97":1,"98":1,"102":15,"103":15,"104":4,"106":3,"120":12,"121":11,"123":11},"path":"/Users/joby/Desktop/Launchpad/contracts/Launchpad.sol","s":{"1":16,"2":16,"3":13,"4":12,"5":12,"6":11,"7":10,"8":5,"9":4,"10":4,"11":3,"12":2,"13":2,"14":1,"15":1,"16":5,"17":4,"18":4,"19":3,"20":4,"21":2,"22":2,"23":1,"24":1,"25":1,"26":15,"27":15,"28":11,"29":12,"30":11,"31":11},"b":{"1":[12,1],"2":[11,1],"3":[10,1],"4":[4,1],"5":[3,1],"6":[2,1],"7":[1,1],"8":[4,1],"9":[3,1],"10":[2,2],"11":[1,1],"12":[4,11],"13":[3,8],"14":[11,1]},"f":{"1":16,"2":13,"3":5,"4":5,"5":15,"6":12},"fnMap":{"1":{"name":"createProject","line":43,"loc":{"start":{"line":43,"column":4},"end":{"line":60,"column":4}}},"2":{"name":"contribute","line":62,"loc":{"start":{"line":62,"column":4},"end":{"line":71,"column":4}}},"3":{"name":"withdrawFunds","line":74,"loc":{"start":{"line":74,"column":4},"end":{"line":84,"column":4}}},"4":{"name":"claimRefund","line":87,"loc":{"start":{"line":87,"column":4},"end":{"line":99,"column":4}}},"5":{"name":"computeStatus","line":101,"loc":{"start":{"line":101,"column":4},"end":{"line":108,"column":4}}},"6":{"name":"getProjectDetails","line":110,"loc":{"start":{"line":110,"column":4},"end":{"line":133,"column":4}}}},"statementMap":{"1":{"start":{"line":49,"column":8},"end":{"line":49,"column":1002}},"2":{"start":{"line":59,"column":8},"end":{"line":59,"column":32}},"3":{"start":{"line":63,"column":8},"end":{"line":63,"column":72}},"4":{"start":{"line":64,"column":8},"end":{"line":64,"column":57}},"5":{"start":{"line":65,"column":8},"end":{"line":65,"column":79}},"6":{"start":{"line":66,"column":8},"end":{"line":66,"column":72}},"7":{"start":{"line":70,"column":8},"end":{"line":70,"column":35}},"8":{"start":{"line":75,"column":8},"end":{"line":75,"column":72}},"9":{"start":{"line":76,"column":8},"end":{"line":76,"column":57}},"10":{"start":{"line":77,"column":8},"end":{"line":77,"column":91}},"11":{"start":{"line":78,"column":8},"end":{"line":78,"column":77}},"12":{"start":{"line":79,"column":8},"end":{"line":79,"column":35}},"13":{"start":{"line":80,"column":8},"end":{"line":80,"column":94}},"14":{"start":{"line":81,"column":8},"end":{"line":81,"column":45}},"15":{"start":{"line":83,"column":8},"end":{"line":83,"column":39}},"16":{"start":{"line":88,"column":8},"end":{"line":88,"column":72}},"17":{"start":{"line":89,"column":8},"end":{"line":89,"column":57}},"18":{"start":{"line":90,"column":8},"end":{"line":90,"column":2828}},"19":{"start":{"line":91,"column":12},"end":{"line":91,"column":39}},"20":{"start":{"line":92,"column":8},"end":{"line":92,"column":83}},"21":{"start":{"line":93,"column":8},"end":{"line":93,"column":77}},"22":{"start":{"line":94,"column":8},"end":{"line":94,"column":83}},"23":{"start":{"line":95,"column":8},"end":{"line":95,"column":57}},"24":{"start":{"line":96,"column":8},"end":{"line":96,"column":47}},"25":{"start":{"line":98,"column":8},"end":{"line":98,"column":19}},"26":{"start":{"line":102,"column":8},"end":{"line":102,"column":57}},"27":{"start":{"line":103,"column":8},"end":{"line":103,"column":3451}},"28":{"start":{"line":105,"column":15},"end":{"line":105,"column":3569}},"29":{"start":{"line":120,"column":8},"end":{"line":120,"column":72}},"30":{"start":{"line":121,"column":8},"end":{"line":121,"column":57}},"31":{"start":{"line":123,"column":8},"end":{"line":123,"column":4198}}},"branchMap":{"1":{"line":63,"type":"if","locations":[{"start":{"line":63,"column":8},"end":{"line":63,"column":8}},{"start":{"line":63,"column":8},"end":{"line":63,"column":8}}]},"2":{"line":65,"type":"if","locations":[{"start":{"line":65,"column":8},"end":{"line":65,"column":8}},{"start":{"line":65,"column":8},"end":{"line":65,"column":8}}]},"3":{"line":66,"type":"if","locations":[{"start":{"line":66,"column":8},"end":{"line":66,"column":8}},{"start":{"line":66,"column":8},"end":{"line":66,"column":8}}]},"4":{"line":75,"type":"if","locations":[{"start":{"line":75,"column":8},"end":{"line":75,"column":8}},{"start":{"line":75,"column":8},"end":{"line":75,"column":8}}]},"5":{"line":77,"type":"if","locations":[{"start":{"line":77,"column":8},"end":{"line":77,"column":8}},{"start":{"line":77,"column":8},"end":{"line":77,"column":8}}]},"6":{"line":78,"type":"if","locations":[{"start":{"line":78,"column":8},"end":{"line":78,"column":8}},{"start":{"line":78,"column":8},"end":{"line":78,"column":8}}]},"7":{"line":80,"type":"if","locations":[{"start":{"line":80,"column":8},"end":{"line":80,"column":8}},{"start":{"line":80,"column":8},"end":{"line":80,"column":8}}]},"8":{"line":88,"type":"if","locations":[{"start":{"line":88,"column":8},"end":{"line":88,"column":8}},{"start":{"line":88,"column":8},"end":{"line":88,"column":8}}]},"9":{"line":90,"type":"if","locations":[{"start":{"line":90,"column":8},"end":{"line":90,"column":8}},{"start":{"line":90,"column":8},"end":{"line":90,"column":8}}]},"10":{"line":92,"type":"if","locations":[{"start":{"line":92,"column":8},"end":{"line":92,"column":8}},{"start":{"line":92,"column":8},"end":{"line":92,"column":8}}]},"11":{"line":94,"type":"if","locations":[{"start":{"line":94,"column":8},"end":{"line":94,"column":8}},{"start":{"line":94,"column":8},"end":{"line":94,"column":8}}]},"12":{"line":103,"type":"if","locations":[{"start":{"line":103,"column":8},"end":{"line":103,"column":8}},{"start":{"line":103,"column":8},"end":{"line":103,"column":8}}]},"13":{"line":105,"type":"if","locations":[{"start":{"line":105,"column":15},"end":{"line":105,"column":15}},{"start":{"line":105,"column":15},"end":{"line":105,"column":15}}]},"14":{"line":120,"type":"if","locations":[{"start":{"line":120,"column":8},"end":{"line":120,"column":8}},{"start":{"line":120,"column":8},"end":{"line":120,"column":8}}]}}}}
