TN:
SF:/Users/joby/Desktop/Launchpad/contracts/Launchpad.sol
FN:44,createProject
FN:64,contribute
FN:76,withdrawFunds
FN:89,claimRefund
FN:103,computeStatus
FN:112,getProjectDetails
FNF:6
FNH:6
FNDA:14,createProject
FNDA:12,contribute
FNDA:5,withdrawFunds
FNDA:4,claimRefund
FNDA:13,computeStatus
FNDA:10,getProjectDetails
DA:50,14
DA:61,14
DA:65,12
DA:66,11
DA:67,11
DA:68,10
DA:69,9
DA:70,9
DA:71,9
DA:72,9
DA:77,5
DA:78,4
DA:79,4
DA:80,3
DA:81,2
DA:82,2
DA:83,1
DA:84,1
DA:85,1
DA:90,4
DA:91,3
DA:92,3
DA:93,2
DA:94,3
DA:95,1
DA:96,1
DA:97,1
DA:98,1
DA:99,1
DA:100,1
DA:104,13
DA:105,13
DA:106,4
DA:108,2
DA:123,10
DA:124,10
DA:126,10
LF:37
LH:37
BRDA:65,1,0,11
BRDA:65,1,1,1
BRDA:67,2,0,10
BRDA:67,2,1,1
BRDA:68,3,0,9
BRDA:68,3,1,1
BRDA:77,4,0,4
BRDA:77,4,1,1
BRDA:79,5,0,3
BRDA:79,5,1,1
BRDA:80,6,0,2
BRDA:80,6,1,1
BRDA:82,7,0,1
BRDA:82,7,1,1
BRDA:90,8,0,3
BRDA:90,8,1,1
BRDA:92,9,0,2
BRDA:92,9,1,1
BRDA:94,10,0,1
BRDA:94,10,1,2
BRDA:96,11,0,1
BRDA:96,11,1,0
BRDA:105,12,0,4
BRDA:105,12,1,9
BRDA:107,13,0,2
BRDA:107,13,1,7
BRDA:123,14,0,10
BRDA:123,14,1,0
BRF:28
BRH:26
end_of_record
