TN:
SF:/Users/joby/Desktop/Launchpad/contracts/Launchpad.sol
FN:50,createProject
FN:71,contribute
FN:84,withdrawFunds
FN:98,claimRefund
FN:112,computeStatus
FN:121,getProjectDetails
FNF:6
FNH:6
FNDA:16,createProject
FNDA:13,contribute
FNDA:5,withdrawFunds
FNDA:5,claimRefund
FNDA:15,computeStatus
FNDA:12,getProjectDetails
DA:56,16
DA:66,16
DA:67,16
DA:68,16
DA:72,13
DA:73,12
DA:74,12
DA:75,11
DA:76,10
DA:77,10
DA:78,10
DA:79,10
DA:80,10
DA:85,5
DA:86,4
DA:87,4
DA:88,3
DA:89,2
DA:90,2
DA:91,1
DA:92,1
DA:93,1
DA:94,1
DA:99,5
DA:100,4
DA:101,4
DA:102,3
DA:103,4
DA:104,2
DA:105,2
DA:106,1
DA:107,1
DA:108,1
DA:109,1
DA:113,15
DA:114,15
DA:115,4
DA:117,3
DA:131,12
DA:132,11
DA:134,11
LF:41
LH:41
BRDA:72,1,0,12
BRDA:72,1,1,1
BRDA:74,2,0,11
BRDA:74,2,1,1
BRDA:75,3,0,10
BRDA:75,3,1,1
BRDA:85,4,0,4
BRDA:85,4,1,1
BRDA:87,5,0,3
BRDA:87,5,1,1
BRDA:88,6,0,2
BRDA:88,6,1,1
BRDA:90,7,0,1
BRDA:90,7,1,1
BRDA:99,8,0,4
BRDA:99,8,1,1
BRDA:101,9,0,3
BRDA:101,9,1,1
BRDA:103,10,0,2
BRDA:103,10,1,2
BRDA:105,11,0,1
BRDA:105,11,1,1
BRDA:114,12,0,4
BRDA:114,12,1,11
BRDA:116,13,0,3
BRDA:116,13,1,8
BRDA:131,14,0,11
BRDA:131,14,1,1
BRF:28
BRH:28
end_of_record
